<?xml version="1.0" encoding="UTF-8"?>
<!-- Generated by org.testng.reporters.JUnitReportReporter -->
<testsuite hostname="DESKTOP-18L6O1V" failures="0" tests="3" name="TestCases" time="0.007" errors="0" timestamp="2024-10-13T00:35:26 IST" skipped="0">
  <testcase classname="TestCases" name="testSub" time="0.000"/>
  <testcase classname="TestCases" name="testAdd" time="0.007"/>
  <testcase classname="TestCases" name="testFailedAdd" time="0.000"/>
</testsuite> <!-- TestCases -->
